
===========================================================================
Model "Body1-42" exists. Name "Body1-42_1" used instead.
===========================================================================

===========================================================================
Model "Body2" exists. Name "Body2_1_2" used instead.
===========================================================================

===========================================================================
Model "Body3" exists. Name "Body3_1_2" used instead.
===========================================================================

===========================================================================
Model "Body1-46" exists. Name "Body1-46_1" used instead.
===========================================================================

===========================================================================
Model "DHT22_Module" exists. Name "DHT22_Module_1" used instead.
===========================================================================

===========================================================================
Model "Right_angle_3_pin_header" exists. Name "Right_angle_3_pin_header_1" used instead.
===========================================================================

===========================================================================
Model "DHT22" exists. Name "DHT22_1_2" used instead.
===========================================================================

===========================================================================
Model "dht22_1" exists. Name "dht22_1_1" used instead.
===========================================================================
